<?xml version="1.0" encoding="UTF-8"?>
<!-- Generated by org.testng.reporters.JUnitReportReporter -->
<testsuite hostname="-ROG-" failures="0" tests="6" name="testNG_assignnments.Assignment_04" time="56.396" errors="0" timestamp="2022-12-20T13:23:37 IST" skipped="0">
  <testcase classname="testNG_assignnments.Assignment_04" name="googleSearchTest" time="11.160"/>
  <system-out/>
  <testcase classname="testNG_assignnments.Assignment_04" name="clickOnEbaySite" time="11.444"/>
  <system-out/>
  <testcase classname="testNG_assignnments.Assignment_04" name="searchProduct" time="12.440"/>
  <system-out/>
  <testcase classname="testNG_assignnments.Assignment_04" name="searchNProduct" time="0.148"/>
  <system-out/>
  <testcase classname="testNG_assignnments.Assignment_04" name="serachAll" time="5.642"/>
  <system-out/>
  <testcase classname="testNG_assignnments.Assignment_04" name="seachAllScrollDown" time="15.562"/>
  <system-out/>
</testsuite> <!-- testNG_assignnments.Assignment_04 -->
