<?xml version="1.0" encoding="UTF-8"?>
<!-- Generated by org.testng.reporters.JUnitReportReporter -->
<testsuite hostname="-ROG-" failures="0" tests="6" name="testNG_assignnments.Assignment_04" time="29.677" errors="0" timestamp="2022-12-19T20:43:40 IST" skipped="0">
  <testcase classname="testNG_assignnments.Assignment_04" name="googleSearchTest" time="6.588"/>
  <system-out/>
  <testcase classname="testNG_assignnments.Assignment_04" name="clickOnEbaySite" time="3.531"/>
  <system-out/>
  <testcase classname="testNG_assignnments.Assignment_04" name="searchProduct" time="7.862"/>
  <system-out/>
  <testcase classname="testNG_assignnments.Assignment_04" name="searchNProduct" time="0.065"/>
  <system-out/>
  <testcase classname="testNG_assignnments.Assignment_04" name="serachAll" time="2.255"/>
  <system-out/>
  <testcase classname="testNG_assignnments.Assignment_04" name="seachAllScrollDown" time="9.376"/>
  <system-out/>
</testsuite> <!-- testNG_assignnments.Assignment_04 -->
